[Sat Jul 06 02:07:47.361842 2019] [so:warn] [pid 9] AH01574: module authz_core_module is already loaded, skipping
[Sat Jul 06 02:07:47.362455 2019] [so:warn] [pid 9] AH01574: module authz_host_module is already loaded, skipping
[Sat Jul 06 02:07:47.431368 2019] [auth_digest:notice] [pid 17] AH01757: generating secret for digest authentication ...
[Sat Jul 06 02:07:47.654363 2019] [mpm_prefork:notice] [pid 17] AH00163: Apache/2.4.6 (Red Hat) configured -- resuming normal operations
[Sat Jul 06 02:07:47.654391 2019] [core:notice] [pid 17] AH00094: Command line: '/usr/sbin/httpd'
[Sat Jul 06 04:41:57.960673 2019] [so:warn] [pid 9] AH01574: module authz_core_module is already loaded, skipping
[Sat Jul 06 04:41:57.960953 2019] [so:warn] [pid 9] AH01574: module authz_host_module is already loaded, skipping
[Sat Jul 06 04:41:58.009686 2019] [auth_digest:notice] [pid 17] AH01757: generating secret for digest authentication ...
[Sat Jul 06 04:41:58.181322 2019] [mpm_prefork:notice] [pid 17] AH00163: Apache/2.4.6 (Red Hat) configured -- resuming normal operations
[Sat Jul 06 04:41:58.181341 2019] [core:notice] [pid 17] AH00094: Command line: '/usr/sbin/httpd'
[Sat Jul 06 12:53:36.244003 2019] [so:warn] [pid 9] AH01574: module authz_core_module is already loaded, skipping
[Sat Jul 06 12:53:36.244378 2019] [so:warn] [pid 9] AH01574: module authz_host_module is already loaded, skipping
[Sat Jul 06 12:53:36.309221 2019] [auth_digest:notice] [pid 17] AH01757: generating secret for digest authentication ...
[Sat Jul 06 12:53:36.489689 2019] [mpm_prefork:notice] [pid 17] AH00163: Apache/2.4.6 (Red Hat) configured -- resuming normal operations
[Sat Jul 06 12:53:36.489719 2019] [core:notice] [pid 17] AH00094: Command line: '/usr/sbin/httpd'
No log handling enabled - turning on stderr logging
Created directory: /var/lib/net-snmp
Created directory: /var/lib/net-snmp/mib_indexes
No log handling enabled - turning on stderr logging
Created directory: /var/lib/net-snmp
Created directory: /var/lib/net-snmp/mib_indexes
[Sat Jul 06 13:01:06.047084 2019] [so:warn] [pid 9] AH01574: module authz_core_module is already loaded, skipping
[Sat Jul 06 13:01:06.047728 2019] [so:warn] [pid 9] AH01574: module authz_host_module is already loaded, skipping
[Sat Jul 06 13:01:06.150512 2019] [auth_digest:notice] [pid 17] AH01757: generating secret for digest authentication ...
[Sat Jul 06 13:01:06.370070 2019] [mpm_prefork:notice] [pid 17] AH00163: Apache/2.4.6 (Red Hat) configured -- resuming normal operations
[Sat Jul 06 13:01:06.370096 2019] [core:notice] [pid 17] AH00094: Command line: '/usr/sbin/httpd'
No log handling enabled - turning on stderr logging
Created directory: /var/lib/net-snmp
Created directory: /var/lib/net-snmp/mib_indexes
No log handling enabled - turning on stderr logging
Created directory: /var/lib/net-snmp
Created directory: /var/lib/net-snmp/mib_indexes
[Sat Jul 06 13:03:28.851169 2019] [so:warn] [pid 9] AH01574: module authz_core_module is already loaded, skipping
[Sat Jul 06 13:03:28.851609 2019] [so:warn] [pid 9] AH01574: module authz_host_module is already loaded, skipping
[Sat Jul 06 13:03:28.930115 2019] [auth_digest:notice] [pid 17] AH01757: generating secret for digest authentication ...
[Sat Jul 06 13:03:29.041828 2019] [mpm_prefork:notice] [pid 17] AH00163: Apache/2.4.6 (Red Hat) configured -- resuming normal operations
[Sat Jul 06 13:03:29.042812 2019] [core:notice] [pid 17] AH00094: Command line: '/usr/sbin/httpd'
[Sat Jul 06 13:10:29.273701 2019] [so:warn] [pid 9] AH01574: module authz_core_module is already loaded, skipping
[Sat Jul 06 13:10:29.273925 2019] [so:warn] [pid 9] AH01574: module authz_host_module is already loaded, skipping
[Sat Jul 06 13:10:29.316325 2019] [auth_digest:notice] [pid 17] AH01757: generating secret for digest authentication ...
[Sat Jul 06 13:10:29.423803 2019] [mpm_prefork:notice] [pid 17] AH00163: Apache/2.4.6 (Red Hat) configured -- resuming normal operations
[Sat Jul 06 13:10:29.423820 2019] [core:notice] [pid 17] AH00094: Command line: '/usr/sbin/httpd'
[Sat Jul 06 13:12:20.151782 2019] [so:warn] [pid 9] AH01574: module authz_core_module is already loaded, skipping
[Sat Jul 06 13:12:20.152554 2019] [so:warn] [pid 9] AH01574: module authz_host_module is already loaded, skipping
[Sat Jul 06 13:12:20.282824 2019] [auth_digest:notice] [pid 17] AH01757: generating secret for digest authentication ...
[Sat Jul 06 13:12:20.480259 2019] [mpm_prefork:notice] [pid 17] AH00163: Apache/2.4.6 (Red Hat) configured -- resuming normal operations
[Sat Jul 06 13:12:20.481912 2019] [core:notice] [pid 17] AH00094: Command line: '/usr/sbin/httpd'
[Sat Jul 06 17:02:39.412979 2019] [so:warn] [pid 8] AH01574: module authz_core_module is already loaded, skipping
[Sat Jul 06 17:02:39.413275 2019] [so:warn] [pid 8] AH01574: module authz_host_module is already loaded, skipping
[Sat Jul 06 17:02:39.467708 2019] [auth_digest:notice] [pid 17] AH01757: generating secret for digest authentication ...
[Sat Jul 06 17:02:39.564871 2019] [mpm_prefork:notice] [pid 17] AH00163: Apache/2.4.6 (Red Hat) configured -- resuming normal operations
[Sat Jul 06 17:02:39.564892 2019] [core:notice] [pid 17] AH00094: Command line: '/usr/sbin/httpd'
No log handling enabled - turning on stderr logging
Created directory: /var/lib/net-snmp
Created directory: /var/lib/net-snmp/mib_indexes
No log handling enabled - turning on stderr logging
Created directory: /var/lib/net-snmp
Created directory: /var/lib/net-snmp/mib_indexes
No log handling enabled - turning on stderr logging
Created directory: /var/lib/net-snmp
Created directory: /var/lib/net-snmp/mib_indexes
No log handling enabled - turning on stderr logging
Created directory: /var/lib/net-snmp
Created directory: /var/lib/net-snmp/mib_indexes
[Sat Jul 06 17:10:10.044128 2019] [so:warn] [pid 10] AH01574: module authz_core_module is already loaded, skipping
[Sat Jul 06 17:10:10.044469 2019] [so:warn] [pid 10] AH01574: module authz_host_module is already loaded, skipping
[Sat Jul 06 17:10:10.091187 2019] [auth_digest:notice] [pid 17] AH01757: generating secret for digest authentication ...
[Sat Jul 06 17:10:10.157652 2019] [mpm_prefork:notice] [pid 17] AH00163: Apache/2.4.6 (Red Hat) configured -- resuming normal operations
[Sat Jul 06 17:10:10.157670 2019] [core:notice] [pid 17] AH00094: Command line: '/usr/sbin/httpd'
No log handling enabled - turning on stderr logging
Created directory: /var/lib/net-snmp
Created directory: /var/lib/net-snmp/mib_indexes
[Sat Jul 06 17:18:23.005924 2019] [so:warn] [pid 9] AH01574: module authz_core_module is already loaded, skipping
[Sat Jul 06 17:18:23.006213 2019] [so:warn] [pid 9] AH01574: module authz_host_module is already loaded, skipping
[Sat Jul 06 17:18:23.051212 2019] [auth_digest:notice] [pid 17] AH01757: generating secret for digest authentication ...
[Sat Jul 06 17:18:23.330696 2019] [mpm_prefork:notice] [pid 17] AH00163: Apache/2.4.6 (Red Hat) configured -- resuming normal operations
[Sat Jul 06 17:18:23.330713 2019] [core:notice] [pid 17] AH00094: Command line: '/usr/sbin/httpd'
[Sat Jul 06 19:40:39.914873 2019] [so:warn] [pid 9] AH01574: module authz_core_module is already loaded, skipping
[Sat Jul 06 19:40:40.015031 2019] [auth_digest:notice] [pid 16] AH01757: generating secret for digest authentication ...
[Sat Jul 06 19:40:39.915405 2019] [so:warn] [pid 9] AH01574: module authz_host_module is already loaded, skipping
[Sat Jul 06 19:40:40.263698 2019] [mpm_prefork:notice] [pid 16] AH00163: Apache/2.4.6 (Red Hat) configured -- resuming normal operations
[Sat Jul 06 19:40:40.263741 2019] [core:notice] [pid 16] AH00094: Command line: '/usr/sbin/httpd'
